<?xml version="1.0" encoding="UTF-8"?>
<!-- Generated by org.testng.reporters.JUnitReportReporter -->
<testsuite hostname="saikrishna_v" name="com.mobile.mobileweb.DriverScript" tests="1" failures="0" timestamp="20 Sep 2013 08:10:28 GMT" time="13.416" errors="0">
  <testcase name="testCaptureScreen" time="13.416" classname="com.mobile.mobileweb.DriverScript"/>
</testsuite> <!-- com.mobile.mobileweb.DriverScript -->
